[2015-11-08 05:07:51] INFO  WEBrick 1.3.1
[2015-11-08 05:07:51] INFO  ruby 2.2.1 (2015-02-26) [x86_64-linux]
[2015-11-08 05:07:51] INFO  WEBrick::HTTPServer#start: pid=63358 port=3000
=> Booting WEBrick
=> Rails 4.2.4 application starting in development on http://0.0.0.0:3000
=> Run `rails server -h` for more startup options
=> Ctrl-C to shutdown server


Started GET "/events" for 104.166.200.55 at 2015-11-08 05:08:25 +0000
  [1m[36mActiveRecord::SchemaMigration Load (0.1ms)[0m  [1mSELECT "schema_migrations".* FROM "schema_migrations"[0m
Processing by EventsController#index as HTML
  [1m[35mEvent Load (0.5ms)[0m  SELECT "events".* FROM "events"
Completed 200 OK in 22ms (Views: 16.8ms | ActiveRecord: 0.9ms)


Started GET "/events" for 104.166.200.55 at 2015-11-08 05:08:37 +0000
Processing by EventsController#index as HTML
  [1m[36mEvent Load (0.3ms)[0m  [1mSELECT "events".* FROM "events"[0m
Completed 200 OK in 4ms (Views: 3.0ms | ActiveRecord: 0.3ms)


Started GET "/events" for 104.166.200.55 at 2015-11-08 05:08:50 +0000
Processing by EventsController#index as HTML
  [1m[35mEvent Load (0.4ms)[0m  SELECT "events".* FROM "events"
Completed 200 OK in 4ms (Views: 3.8ms | ActiveRecord: 0.4ms)


Started GET "/events" for 104.166.200.55 at 2015-11-08 05:10:11 +0000
Processing by EventsController#index as HTML
  [1m[36mEvent Load (0.3ms)[0m  [1mSELECT "events".* FROM "events"[0m
Completed 200 OK in 3ms (Views: 2.5ms | ActiveRecord: 0.3ms)


Started GET "/events" for 104.166.200.55 at 2015-11-08 05:11:37 +0000
Processing by EventsController#index as HTML
  [1m[35mEvent Load (0.4ms)[0m  SELECT "events".* FROM "events"
Completed 200 OK in 4ms (Views: 2.9ms | ActiveRecord: 0.4ms)


Started GET "/events" for 104.166.200.55 at 2015-11-08 05:15:14 +0000
Processing by EventsController#index as HTML
  [1m[36mEvent Load (0.4ms)[0m  [1mSELECT "events".* FROM "events"[0m
Completed 200 OK in 4ms (Views: 3.2ms | ActiveRecord: 0.4ms)


Started GET "/events" for 104.166.200.55 at 2015-11-08 05:23:13 +0000
Processing by EventsController#index as HTML
  [1m[35mEvent Load (0.3ms)[0m  SELECT "events".* FROM "events"
Completed 200 OK in 3ms (Views: 2.6ms | ActiveRecord: 0.3ms)


Started GET "/events" for 104.166.200.55 at 2015-11-08 05:23:18 +0000
Processing by EventsController#index as HTML
  [1m[36mEvent Load (0.4ms)[0m  [1mSELECT "events".* FROM "events"[0m
Completed 200 OK in 4ms (Views: 3.1ms | ActiveRecord: 0.4ms)


Started GET "/events" for 104.166.200.55 at 2015-11-08 05:33:07 +0000
Processing by EventsController#index as HTML
  [1m[35mEvent Load (0.6ms)[0m  SELECT "events".* FROM "events"
Completed 200 OK in 4ms (Views: 2.9ms | ActiveRecord: 0.6ms)


Started GET "/events" for 104.166.200.55 at 2015-11-08 05:35:32 +0000
Processing by EventsController#index as HTML
  [1m[36mEvent Load (0.4ms)[0m  [1mSELECT "events".* FROM "events"[0m
Completed 200 OK in 3ms (Views: 2.6ms | ActiveRecord: 0.4ms)


Started GET "/events" for 104.166.200.55 at 2015-11-08 05:37:17 +0000
Processing by EventsController#index as HTML
  [1m[35mEvent Load (0.4ms)[0m  SELECT "events".* FROM "events"
Completed 200 OK in 4ms (Views: 2.9ms | ActiveRecord: 0.4ms)


Started GET "/events" for 104.166.200.55 at 2015-11-08 05:38:58 +0000
Processing by EventsController#index as HTML
  [1m[36mEvent Load (0.3ms)[0m  [1mSELECT "events".* FROM "events"[0m
Completed 200 OK in 2ms (Views: 2.0ms | ActiveRecord: 0.3ms)


Started GET "/events" for 104.166.200.55 at 2015-11-08 05:43:12 +0000
Processing by EventsController#index as HTML
  [1m[35mEvent Load (0.4ms)[0m  SELECT "events".* FROM "events"
Completed 200 OK in 3ms (Views: 2.8ms | ActiveRecord: 0.4ms)


Started GET "/events" for 104.166.200.55 at 2015-11-08 05:47:20 +0000
Processing by EventsController#index as HTML
  [1m[36mEvent Load (0.4ms)[0m  [1mSELECT "events".* FROM "events"[0m
Completed 200 OK in 3ms (Views: 2.8ms | ActiveRecord: 0.4ms)


Started GET "/events" for 104.166.200.55 at 2015-11-08 05:54:09 +0000
Processing by EventsController#index as HTML
  [1m[35mEvent Load (0.4ms)[0m  SELECT "events".* FROM "events"
Completed 200 OK in 3ms (Views: 2.8ms | ActiveRecord: 0.4ms)


Started POST "/events" for 104.166.200.55 at 2015-11-08 05:54:22 +0000
Processing by EventsController#create as HTML
  Parameters: {"id"=>"1", "user_id"=>"3"}
Completed 200 OK in 8ms (Views: 0.1ms | ActiveRecord: 0.0ms)


Started POST "/events/1/join" for 104.166.200.55 at 2015-11-08 05:54:22 +0000

ActionController::RoutingError (No route matches [POST] "/events/1/join"):
  actionpack (4.2.4) lib/action_dispatch/middleware/debug_exceptions.rb:21:in `call'
  actionpack (4.2.4) lib/action_dispatch/middleware/show_exceptions.rb:30:in `call'
  railties (4.2.4) lib/rails/rack/logger.rb:38:in `call_app'
  railties (4.2.4) lib/rails/rack/logger.rb:20:in `block in call'
  activesupport (4.2.4) lib/active_support/tagged_logging.rb:68:in `block in tagged'
  activesupport (4.2.4) lib/active_support/tagged_logging.rb:26:in `tagged'
  activesupport (4.2.4) lib/active_support/tagged_logging.rb:68:in `tagged'
  railties (4.2.4) lib/rails/rack/logger.rb:20:in `call'
  actionpack (4.2.4) lib/action_dispatch/middleware/request_id.rb:21:in `call'
  rack (1.6.4) lib/rack/runtime.rb:18:in `call'
  activesupport (4.2.4) lib/active_support/cache/strategy/local_cache_middleware.rb:28:in `call'
  rack (1.6.4) lib/rack/lock.rb:17:in `call'
  actionpack (4.2.4) lib/action_dispatch/middleware/static.rb:116:in `call'
  railties (4.2.4) lib/rails/engine.rb:518:in `call'
  railties (4.2.4) lib/rails/application.rb:165:in `call'
  rack (1.6.4) lib/rack/lock.rb:17:in `call'
  rack (1.6.4) lib/rack/content_length.rb:15:in `call'
  rack (1.6.4) lib/rack/handler/webrick.rb:88:in `service'
  /home/jckv22/.rvm/rubies/ruby-2.2.1/lib/ruby/2.2.0/webrick/httpserver.rb:138:in `service'
  /home/jckv22/.rvm/rubies/ruby-2.2.1/lib/ruby/2.2.0/webrick/httpserver.rb:94:in `run'
  /home/jckv22/.rvm/rubies/ruby-2.2.1/lib/ruby/2.2.0/webrick/server.rb:294:in `block in start_thread'


  Rendered /home/jckv22/.rvm/gems/ruby-2.2.1/gems/actionpack-4.2.4/lib/action_dispatch/middleware/templates/rescues/_trace.html.erb (1.4ms)
  Rendered /home/jckv22/.rvm/gems/ruby-2.2.1/gems/actionpack-4.2.4/lib/action_dispatch/middleware/templates/routes/_route.html.erb (1.7ms)
  Rendered /home/jckv22/.rvm/gems/ruby-2.2.1/gems/actionpack-4.2.4/lib/action_dispatch/middleware/templates/routes/_table.html.erb (5.8ms)
  Rendered /home/jckv22/.rvm/gems/ruby-2.2.1/gems/actionpack-4.2.4/lib/action_dispatch/middleware/templates/rescues/_request_and_response.html.erb (1.1ms)
  Rendered /home/jckv22/.rvm/gems/ruby-2.2.1/gems/actionpack-4.2.4/lib/action_dispatch/middleware/templates/rescues/routing_error.html.erb within rescues/layout (33.4ms)


Started GET "/events" for 104.166.200.55 at 2015-11-08 06:17:04 +0000
Processing by EventsController#index as HTML
  [1m[36mEvent Load (0.4ms)[0m  [1mSELECT "events".* FROM "events"[0m
Completed 200 OK in 4ms (Views: 3.0ms | ActiveRecord: 0.4ms)


Started GET "/" for 188.138.1.218 at 2015-11-08 10:48:21 +0000
Processing by Rails::WelcomeController#index as HTML
  Rendered /home/jckv22/.rvm/gems/ruby-2.2.1/gems/railties-4.2.4/lib/rails/templates/rails/welcome/index.html.erb (1.2ms)
Completed 200 OK in 3ms (Views: 2.7ms | ActiveRecord: 0.0ms)


Started GET "/" for 188.138.1.218 at 2015-11-08 10:48:39 +0000
Processing by Rails::WelcomeController#index as HTML
  Rendered /home/jckv22/.rvm/gems/ruby-2.2.1/gems/railties-4.2.4/lib/rails/templates/rails/welcome/index.html.erb (0.1ms)
Completed 200 OK in 1ms (Views: 1.3ms | ActiveRecord: 0.0ms)


Started GET "/sitemap.xml" for 188.138.1.218 at 2015-11-08 10:48:41 +0000

ActionController::RoutingError (No route matches [GET] "/sitemap.xml"):
  actionpack (4.2.4) lib/action_dispatch/middleware/debug_exceptions.rb:21:in `call'
  actionpack (4.2.4) lib/action_dispatch/middleware/show_exceptions.rb:30:in `call'
  railties (4.2.4) lib/rails/rack/logger.rb:38:in `call_app'
  railties (4.2.4) lib/rails/rack/logger.rb:20:in `block in call'
  activesupport (4.2.4) lib/active_support/tagged_logging.rb:68:in `block in tagged'
  activesupport (4.2.4) lib/active_support/tagged_logging.rb:26:in `tagged'
  activesupport (4.2.4) lib/active_support/tagged_logging.rb:68:in `tagged'
  railties (4.2.4) lib/rails/rack/logger.rb:20:in `call'
  actionpack (4.2.4) lib/action_dispatch/middleware/request_id.rb:21:in `call'
  rack (1.6.4) lib/rack/runtime.rb:18:in `call'
  activesupport (4.2.4) lib/active_support/cache/strategy/local_cache_middleware.rb:28:in `call'
  rack (1.6.4) lib/rack/lock.rb:17:in `call'
  actionpack (4.2.4) lib/action_dispatch/middleware/static.rb:116:in `call'
  railties (4.2.4) lib/rails/engine.rb:518:in `call'
  railties (4.2.4) lib/rails/application.rb:165:in `call'
  rack (1.6.4) lib/rack/lock.rb:17:in `call'
  rack (1.6.4) lib/rack/content_length.rb:15:in `call'
  rack (1.6.4) lib/rack/handler/webrick.rb:88:in `service'
  /home/jckv22/.rvm/rubies/ruby-2.2.1/lib/ruby/2.2.0/webrick/httpserver.rb:138:in `service'
  /home/jckv22/.rvm/rubies/ruby-2.2.1/lib/ruby/2.2.0/webrick/httpserver.rb:94:in `run'
  /home/jckv22/.rvm/rubies/ruby-2.2.1/lib/ruby/2.2.0/webrick/server.rb:294:in `block in start_thread'


[2015-11-08 10:48:41] ERROR Errno::ECONNRESET: Connection reset by peer @ io_fillbuf - fd:14 
	/home/jckv22/.rvm/rubies/ruby-2.2.1/lib/ruby/2.2.0/webrick/httpserver.rb:80:in `eof?'
	/home/jckv22/.rvm/rubies/ruby-2.2.1/lib/ruby/2.2.0/webrick/httpserver.rb:80:in `run'
	/home/jckv22/.rvm/rubies/ruby-2.2.1/lib/ruby/2.2.0/webrick/server.rb:294:in `block in start_thread'
[2015-11-08 12:57:25] ERROR Errno::ECONNRESET: Connection reset by peer @ io_fillbuf - fd:12 
	/home/jckv22/.rvm/rubies/ruby-2.2.1/lib/ruby/2.2.0/webrick/httpserver.rb:80:in `eof?'
	/home/jckv22/.rvm/rubies/ruby-2.2.1/lib/ruby/2.2.0/webrick/httpserver.rb:80:in `run'
	/home/jckv22/.rvm/rubies/ruby-2.2.1/lib/ruby/2.2.0/webrick/server.rb:294:in `block in start_thread'
[2015-11-10 00:59:35] ERROR Errno::ECONNRESET: Connection reset by peer @ io_fillbuf - fd:12 
	/home/jckv22/.rvm/rubies/ruby-2.2.1/lib/ruby/2.2.0/webrick/httpserver.rb:80:in `eof?'
	/home/jckv22/.rvm/rubies/ruby-2.2.1/lib/ruby/2.2.0/webrick/httpserver.rb:80:in `run'
	/home/jckv22/.rvm/rubies/ruby-2.2.1/lib/ruby/2.2.0/webrick/server.rb:294:in `block in start_thread'
  Rendered /home/jckv22/.rvm/gems/ruby-2.2.1/gems/actionpack-4.2.4/lib/action_dispatch/middleware/templates/rescues/_trace.html.erb (2.0ms)
  Rendered /home/jckv22/.rvm/gems/ruby-2.2.1/gems/actionpack-4.2.4/lib/action_dispatch/middleware/templates/routes/_route.html.erb (2.5ms)
  Rendered /home/jckv22/.rvm/gems/ruby-2.2.1/gems/actionpack-4.2.4/lib/action_dispatch/middleware/templates/routes/_table.html.erb (1.9ms)
  Rendered /home/jckv22/.rvm/gems/ruby-2.2.1/gems/actionpack-4.2.4/lib/action_dispatch/middleware/templates/rescues/_request_and_response.html.erb (1.4ms)
  Rendered /home/jckv22/.rvm/gems/ruby-2.2.1/gems/actionpack-4.2.4/lib/action_dispatch/middleware/templates/rescues/routing_error.html.erb within rescues/layout (36.9ms)


Started GET "/testproxy.php" for 185.25.151.159 at 2015-11-08 12:15:55 +0000

ActionController::RoutingError (No route matches [GET] "/testproxy.php"):
  actionpack (4.2.4) lib/action_dispatch/middleware/debug_exceptions.rb:21:in `call'
  actionpack (4.2.4) lib/action_dispatch/middleware/show_exceptions.rb:30:in `call'
  railties (4.2.4) lib/rails/rack/logger.rb:38:in `call_app'
  railties (4.2.4) lib/rails/rack/logger.rb:20:in `block in call'
  activesupport (4.2.4) lib/active_support/tagged_logging.rb:68:in `block in tagged'
  activesupport (4.2.4) lib/active_support/tagged_logging.rb:26:in `tagged'
  activesupport (4.2.4) lib/active_support/tagged_logging.rb:68:in `tagged'
  railties (4.2.4) lib/rails/rack/logger.rb:20:in `call'
  actionpack (4.2.4) lib/action_dispatch/middleware/request_id.rb:21:in `call'
  rack (1.6.4) lib/rack/runtime.rb:18:in `call'
  activesupport (4.2.4) lib/active_support/cache/strategy/local_cache_middleware.rb:28:in `call'
  rack (1.6.4) lib/rack/lock.rb:17:in `call'
  actionpack (4.2.4) lib/action_dispatch/middleware/static.rb:116:in `call'
  railties (4.2.4) lib/rails/engine.rb:518:in `call'
  railties (4.2.4) lib/rails/application.rb:165:in `call'
  rack (1.6.4) lib/rack/lock.rb:17:in `call'
  rack (1.6.4) lib/rack/content_length.rb:15:in `call'
  rack (1.6.4) lib/rack/handler/webrick.rb:88:in `service'
  /home/jckv22/.rvm/rubies/ruby-2.2.1/lib/ruby/2.2.0/webrick/httpserver.rb:138:in `service'
  /home/jckv22/.rvm/rubies/ruby-2.2.1/lib/ruby/2.2.0/webrick/httpserver.rb:94:in `run'
  /home/jckv22/.rvm/rubies/ruby-2.2.1/lib/ruby/2.2.0/webrick/server.rb:294:in `block in start_thread'


  Rendered /home/jckv22/.rvm/gems/ruby-2.2.1/gems/actionpack-4.2.4/lib/action_dispatch/middleware/templates/rescues/_trace.html.erb (1.4ms)
  Rendered /home/jckv22/.rvm/gems/ruby-2.2.1/gems/actionpack-4.2.4/lib/action_dispatch/middleware/templates/routes/_route.html.erb (1.7ms)
  Rendered /home/jckv22/.rvm/gems/ruby-2.2.1/gems/actionpack-4.2.4/lib/action_dispatch/middleware/templates/routes/_table.html.erb (1.4ms)
  Rendered /home/jckv22/.rvm/gems/ruby-2.2.1/gems/actionpack-4.2.4/lib/action_dispatch/middleware/templates/rescues/_request_and_response.html.erb (1.0ms)
  Rendered /home/jckv22/.rvm/gems/ruby-2.2.1/gems/actionpack-4.2.4/lib/action_dispatch/middleware/templates/rescues/routing_error.html.erb within rescues/layout (26.8ms)


Started GET "/" for 222.186.56.107 at 2015-11-08 12:57:24 +0000
Processing by Rails::WelcomeController#index as HTML
  Rendered /home/jckv22/.rvm/gems/ruby-2.2.1/gems/railties-4.2.4/lib/rails/templates/rails/welcome/index.html.erb (1.2ms)
Completed 200 OK in 4ms (Views: 3.9ms | ActiveRecord: 0.0ms)


Started GET "/" for 182.118.53.164 at 2015-11-08 18:49:08 +0000
Processing by Rails::WelcomeController#index as HTML
  Rendered /home/jckv22/.rvm/gems/ruby-2.2.1/gems/railties-4.2.4/lib/rails/templates/rails/welcome/index.html.erb (0.1ms)
Completed 200 OK in 1ms (Views: 1.2ms | ActiveRecord: 0.0ms)


Started POST "/events" for 173.18.71.142 at 2015-11-09 03:18:00 +0000
Processing by EventsController#create as HTML
  Parameters: {"event"=>{"creator"=>"3", "title"=>"test", "longitude"=>"10", "latitude"=>"10", "start"=>"2015-11-10", "description"=>"test"}}
  [1m[35mUser Load (0.4ms)[0m  SELECT  "users".* FROM "users" WHERE "users"."id" = ? LIMIT 1  [["id", 3]]
  [1m[36m (0.1ms)[0m  [1mbegin transaction[0m
  [1m[35mSQL (0.4ms)[0m  INSERT INTO "events" ("creator", "title", "longitude", "latitude", "start", "description", "created_at", "updated_at") VALUES (?, ?, ?, ?, ?, ?, ?, ?)  [["creator", 3], ["title", "test"], ["longitude", 10.0], ["latitude", 10.0], ["start", "2015-11-10 00:00:00.000000"], ["description", "test"], ["created_at", "2015-11-09 03:18:00.582100"], ["updated_at", "2015-11-09 03:18:00.582100"]]
  [1m[36m (118.7ms)[0m  [1mcommit transaction[0m
Completed 201 Created in 167ms (Views: 1.2ms | ActiveRecord: 120.1ms)


Started GET "/events/7" for 173.18.71.142 at 2015-11-09 03:18:15 +0000
Processing by EventsController#show as HTML
  Parameters: {"id"=>"7"}
  [1m[35mEvent Load (0.3ms)[0m  SELECT  "events".* FROM "events" WHERE "events"."id" = ? LIMIT 1  [["id", 7]]
Completed 200 OK in 2ms (Views: 0.7ms | ActiveRecord: 0.3ms)


Started GET "/events" for 104.166.200.55 at 2015-11-09 20:14:06 +0000
Processing by EventsController#index as HTML
  [1m[36mEvent Load (0.4ms)[0m  [1mSELECT "events".* FROM "events"[0m
Completed 200 OK in 4ms (Views: 3.2ms | ActiveRecord: 0.4ms)


Started GET "/events" for 104.166.200.55 at 2015-11-09 20:22:40 +0000
Processing by EventsController#index as HTML
  [1m[35mEvent Load (0.4ms)[0m  SELECT "events".* FROM "events"
Completed 200 OK in 4ms (Views: 3.1ms | ActiveRecord: 0.4ms)


Started GET "/users" for 173.18.71.142 at 2015-11-09 22:43:36 +0000
Processing by UsersController#index as HTML
  [1m[36mUser Load (0.3ms)[0m  [1mSELECT "users".* FROM "users"[0m
  [1m[35mMessage Load (0.2ms)[0m  SELECT "messages".* FROM "messages" WHERE "messages"."user_id" = ?  [[nil, 1]]
  [1m[36mEvent Load (0.2ms)[0m  [1mSELECT "events".* FROM "events" WHERE "events"."creator" = ?[0m  [["creator", 1]]
  [1m[35mMessage Load (0.1ms)[0m  SELECT "messages".* FROM "messages" WHERE "messages"."user_id" = ?  [[nil, 2]]
  [1m[36mEvent Load (0.1ms)[0m  [1mSELECT "events".* FROM "events" WHERE "events"."creator" = ?[0m  [["creator", 2]]
  [1m[35mMessage Load (0.1ms)[0m  SELECT "messages".* FROM "messages" WHERE "messages"."user_id" = ?  [[nil, 3]]
  [1m[36mEvent Load (0.1ms)[0m  [1mSELECT "events".* FROM "events" WHERE "events"."creator" = ?[0m  [["creator", 3]]
  [1m[35mMessage Load (0.1ms)[0m  SELECT "messages".* FROM "messages" WHERE "messages"."user_id" = ?  [[nil, 4]]
  [1m[36mEvent Load (0.1ms)[0m  [1mSELECT "events".* FROM "events" WHERE "events"."creator" = ?[0m  [["creator", 4]]
  [1m[35mMessage Load (0.1ms)[0m  SELECT "messages".* FROM "messages" WHERE "messages"."user_id" = ?  [[nil, 5]]
  [1m[36mEvent Load (0.1ms)[0m  [1mSELECT "events".* FROM "events" WHERE "events"."creator" = ?[0m  [["creator", 5]]
Completed 200 OK in 23ms (Views: 21.1ms | ActiveRecord: 1.6ms)


Started GET "/" for 142.54.174.67 at 2015-11-10 00:59:34 +0000
Processing by Rails::WelcomeController#index as */*
  Rendered /home/jckv22/.rvm/gems/ruby-2.2.1/gems/railties-4.2.4/lib/rails/templates/rails/welcome/index.html.erb (1.2ms)
Completed 200 OK in 6ms (Views: 5.9ms | ActiveRecord: 0.0ms)


Started GET "/" for 54.159.194.38 at 2015-11-10 11:01:23 +0000
Processing by Rails::WelcomeController#index as HTML
  Rendered /home/jckv22/.rvm/gems/ruby-2.2.1/gems/railties-4.2.4/lib/rails/templates/rails/welcome/index.html.erb (0.1ms)
Completed 200 OK in 1ms (Views: 1.2ms | ActiveRecord: 0.0ms)


Started GET "/users" for 128.206.251.234 at 2015-11-10 16:02:28 +0000
Processing by UsersController#index as HTML
  [1m[35mUser Load (0.3ms)[0m  SELECT "users".* FROM "users"
  [1m[36mMessage Load (0.1ms)[0m  [1mSELECT "messages".* FROM "messages" WHERE "messages"."user_id" = ?[0m  [[nil, 1]]
  [1m[35mEvent Load (0.1ms)[0m  SELECT "events".* FROM "events" WHERE "events"."creator" = ?  [["creator", 1]]
  [1m[36mMessage Load (0.1ms)[0m  [1mSELECT "messages".* FROM "messages" WHERE "messages"."user_id" = ?[0m  [[nil, 2]]
  [1m[35mEvent Load (0.1ms)[0m  SELECT "events".* FROM "events" WHERE "events"."creator" = ?  [["creator", 2]]
